<component name="libraryTable">
  <library name="junit_junit-ijar_2562ac88">
    <CLASSES>
      <root url="jar://$USER_HOME$/.cache/bazel/_bazel_name/0f392d4f227f7735cc2ffb1555d4a4e9/execroot/__main__/bazel-out/k8-fastbuild/bin/external/junit_junit/jar/_ijar/jar/external/junit_junit/jar/junit_junit-ijar.jar!/" />
    </CLASSES>
    <JAVADOC />
    <SOURCES />
  </library>
</component>